foodorderingwearable/build/intermediates/manifest_merge_blame_file/debug/manifest-merger-blame-debug-report.txt
1<?xml version="1.0" encoding="utf-8"?>
2<manifest xmlns:android="http://schemas.android.com/apk/res/android"
3    package="com.example.foodorderingwearable"
4    android:versionCode="1"
5    android:versionName="1.0" >
6
7    <uses-sdk
8        android:minSdkVersion="28"
8-->src/main/AndroidManifest.xml
9        android:targetSdkVersion="29" />
9-->src/main/AndroidManifest.xml
10
11    <uses-permission android:name="android.permission.WAKE_LOCK" />
11-->src/main/AndroidManifest.xml:5:5-68
11-->src/main/AndroidManifest.xml:5:22-65
12
13    <uses-feature android:name="android.hardware.type.watch" />
13-->src/main/AndroidManifest.xml:7:5-64
13-->src/main/AndroidManifest.xml:7:19-61
14
15    <application
15-->src/main/AndroidManifest.xml:9:5-36:19
16        android:allowBackup="true"
16-->src/main/AndroidManifest.xml:10:9-35
17        android:appComponentFactory="androidx.core.app.CoreComponentFactory"
17-->[androidx.core:core:1.1.0] AndroidManifest.xml:24:18-86
18        android:debuggable="true"
19        android:icon="@mipmap/ic_launcher"
19-->src/main/AndroidManifest.xml:11:9-43
20        android:label="@string/app_name"
20-->src/main/AndroidManifest.xml:12:9-41
21        android:supportsRtl="true"
21-->src/main/AndroidManifest.xml:13:9-35
22        android:testOnly="true"
23        android:theme="@android:style/Theme.DeviceDefault" >
23-->src/main/AndroidManifest.xml:14:9-59
24        <uses-library
24-->src/main/AndroidManifest.xml:16:9-18:39
25            android:name="com.google.android.wearable"
25-->src/main/AndroidManifest.xml:17:13-55
26            android:required="true" />
26-->src/main/AndroidManifest.xml:18:13-36
27        <!--
28               Set to true if your app is Standalone, that is, it does not require the handheld
29               app to run.
30        -->
31        <meta-data
31-->src/main/AndroidManifest.xml:23:9-25:36
32            android:name="com.google.android.wearable.standalone"
32-->src/main/AndroidManifest.xml:24:13-66
33            android:value="true" />
33-->src/main/AndroidManifest.xml:25:13-33
34
35        <activity
35-->src/main/AndroidManifest.xml:27:9-35:20
36            android:name="com.example.foodorderingwearable.Activity.Activity.LoginActivity"
36-->src/main/AndroidManifest.xml:28:13-60
37            android:label="@string/app_name" >
37-->src/main/AndroidManifest.xml:29:13-45
38            <intent-filter>
38-->src/main/AndroidManifest.xml:30:13-34:29
39                <action android:name="android.intent.action.MAIN" />
39-->src/main/AndroidManifest.xml:31:17-69
39-->src/main/AndroidManifest.xml:31:25-66
40
41                <category android:name="android.intent.category.LAUNCHER" />
41-->src/main/AndroidManifest.xml:33:17-77
41-->src/main/AndroidManifest.xml:33:27-74
42            </intent-filter>
43        </activity>
44        <activity
44-->[com.google.android.gms:play-services-base:16.0.1] AndroidManifest.xml:23:9-26:75
45            android:name="com.google.android.gms.common.api.GoogleApiActivity"
45-->[com.google.android.gms:play-services-base:16.0.1] AndroidManifest.xml:24:13-79
46            android:exported="false"
46-->[com.google.android.gms:play-services-base:16.0.1] AndroidManifest.xml:25:13-37
47            android:theme="@android:style/Theme.Translucent.NoTitleBar" />
47-->[com.google.android.gms:play-services-base:16.0.1] AndroidManifest.xml:26:13-72
48
49        <meta-data
49-->[com.google.android.gms:play-services-basement:16.0.1] AndroidManifest.xml:23:9-25:69
50            android:name="com.google.android.gms.version"
50-->[com.google.android.gms:play-services-basement:16.0.1] AndroidManifest.xml:24:13-58
51            android:value="@integer/google_play_services_version" />
51-->[com.google.android.gms:play-services-basement:16.0.1] AndroidManifest.xml:25:13-66
52    </application>
53
54</manifest>